2025-05-12T14:47:36.044+05:30  INFO 26788 --- [school] [restartedMain] com.school.SchoolApplication             : Starting SchoolApplication using Java 24.0.1 with PID 26788 (/home/cs-developer/Downloads/school/target/classes started by cs-developer in /home/cs-developer/Downloads/school)
2025-05-12T14:47:36.056+05:30  INFO 26788 --- [school] [restartedMain] com.school.SchoolApplication             : No active profile set, falling back to 1 default profile: "default"
2025-05-12T14:47:36.139+05:30  INFO 26788 --- [school] [restartedMain] .e.DevToolsPropertyDefaultsPostProcessor : Devtools property defaults active! Set 'spring.devtools.add-properties' to 'false' to disable
2025-05-12T14:47:36.139+05:30  INFO 26788 --- [school] [restartedMain] .e.DevToolsPropertyDefaultsPostProcessor : For additional web related logging consider setting the 'logging.level.web' property to 'DEBUG'
2025-05-12T14:47:37.602+05:30  INFO 26788 --- [school] [restartedMain] .s.d.r.c.RepositoryConfigurationDelegate : Bootstrapping Spring Data JPA repositories in DEFAULT mode.
2025-05-12T14:47:37.685+05:30  INFO 26788 --- [school] [restartedMain] .s.d.r.c.RepositoryConfigurationDelegate : Finished Spring Data repository scanning in 72 ms. Found 8 JPA repository interfaces.
2025-05-12T14:47:38.384+05:30  INFO 26788 --- [school] [restartedMain] o.s.b.w.embedded.tomcat.TomcatWebServer  : Tomcat initialized with port 9999 (http)
2025-05-12T14:47:38.396+05:30  INFO 26788 --- [school] [restartedMain] o.apache.catalina.core.StandardService   : Starting service [Tomcat]
2025-05-12T14:47:38.397+05:30  INFO 26788 --- [school] [restartedMain] o.apache.catalina.core.StandardEngine    : Starting Servlet engine: [Apache Tomcat/10.1.40]
2025-05-12T14:47:38.432+05:30  INFO 26788 --- [school] [restartedMain] o.a.c.c.C.[Tomcat].[localhost].[/]       : Initializing Spring embedded WebApplicationContext
2025-05-12T14:47:38.433+05:30  INFO 26788 --- [school] [restartedMain] w.s.c.ServletWebServerApplicationContext : Root WebApplicationContext: initialization completed in 2293 ms
2025-05-12T14:47:38.637+05:30 DEBUG 26788 --- [school] [restartedMain] o.s.w.f.ServerHttpObservationFilter      : Filter 'webMvcObservationFilter' configured for use
2025-05-12T14:47:38.783+05:30  INFO 26788 --- [school] [restartedMain] o.hibernate.jpa.internal.util.LogHelper  : HHH000204: Processing PersistenceUnitInfo [name: default]
2025-05-12T14:47:38.885+05:30  INFO 26788 --- [school] [restartedMain] org.hibernate.Version                    : HHH000412: Hibernate ORM core version 6.6.13.Final
2025-05-12T14:47:38.955+05:30  INFO 26788 --- [school] [restartedMain] o.h.c.internal.RegionFactoryInitiator    : HHH000026: Second-level cache disabled
2025-05-12T14:47:39.284+05:30  INFO 26788 --- [school] [restartedMain] o.s.o.j.p.SpringPersistenceUnitInfo      : No LoadTimeWeaver setup: ignoring JPA class transformer
2025-05-12T14:47:39.310+05:30  INFO 26788 --- [school] [restartedMain] com.zaxxer.hikari.HikariDataSource       : HikariPool-1 - Starting...
2025-05-12T14:47:39.651+05:30  INFO 26788 --- [school] [restartedMain] com.zaxxer.hikari.pool.HikariPool        : HikariPool-1 - Added connection org.postgresql.jdbc.PgConnection@30549958
2025-05-12T14:47:39.652+05:30  INFO 26788 --- [school] [restartedMain] com.zaxxer.hikari.HikariDataSource       : HikariPool-1 - Start completed.
2025-05-12T14:47:39.696+05:30  WARN 26788 --- [school] [restartedMain] org.hibernate.orm.deprecation            : HHH90000025: PostgreSQLDialect does not need to be specified explicitly using 'hibernate.dialect' (remove the property setting and it will be selected by default)
2025-05-12T14:47:39.712+05:30  INFO 26788 --- [school] [restartedMain] org.hibernate.orm.connections.pooling    : HHH10001005: Database info:
	Database JDBC URL [Connecting through datasource 'HikariDataSource (HikariPool-1)']
	Database driver: undefined/unknown
	Database version: 12.22
	Autocommit mode: undefined/unknown
	Isolation level: undefined/unknown
	Minimum pool size: undefined/unknown
	Maximum pool size: undefined/unknown
2025-05-12T14:47:40.784+05:30  INFO 26788 --- [school] [restartedMain] o.h.e.t.j.p.i.JtaPlatformInitiator       : HHH000489: No JTA platform available (set 'hibernate.transaction.jta.platform' to enable JTA platform integration)
2025-05-12T14:47:41.354+05:30  INFO 26788 --- [school] [restartedMain] j.LocalContainerEntityManagerFactoryBean : Initialized JPA EntityManagerFactory for persistence unit 'default'
2025-05-12T14:47:41.762+05:30  INFO 26788 --- [school] [restartedMain] o.s.d.j.r.query.QueryEnhancerFactory     : Hibernate is in classpath; If applicable, HQL parser will be used.
2025-05-12T14:47:42.372+05:30  WARN 26788 --- [school] [restartedMain] JpaBaseConfiguration$JpaWebConfiguration : spring.jpa.open-in-view is enabled by default. Therefore, database queries may be performed during view rendering. Explicitly configure spring.jpa.open-in-view to disable this warning
2025-05-12T14:47:42.633+05:30 DEBUG 26788 --- [school] [restartedMain] s.w.s.m.m.a.RequestMappingHandlerMapping : 36 mappings in 'requestMappingHandlerMapping'
2025-05-12T14:47:42.831+05:30 DEBUG 26788 --- [school] [restartedMain] o.s.w.s.handler.SimpleUrlHandlerMapping  : Patterns [/webjars/**, /**] in 'resourceHandlerMapping'
2025-05-12T14:47:42.917+05:30 DEBUG 26788 --- [school] [restartedMain] s.w.s.m.m.a.RequestMappingHandlerAdapter : ControllerAdvice beans: 0 @ModelAttribute, 0 @InitBinder, 1 RequestBodyAdvice, 1 ResponseBodyAdvice
2025-05-12T14:47:43.006+05:30 DEBUG 26788 --- [school] [restartedMain] .m.m.a.ExceptionHandlerExceptionResolver : ControllerAdvice beans: 1 @ExceptionHandler, 1 ResponseBodyAdvice
2025-05-12T14:47:43.595+05:30  INFO 26788 --- [school] [restartedMain] o.s.b.d.a.OptionalLiveReloadServer       : LiveReload server is running on port 35729
2025-05-12T14:47:43.610+05:30  INFO 26788 --- [school] [restartedMain] o.s.b.a.e.web.EndpointLinksResolver      : Exposing 1 endpoint beneath base path '/actuator'
2025-05-12T14:47:43.722+05:30  INFO 26788 --- [school] [restartedMain] o.s.b.w.embedded.tomcat.TomcatWebServer  : Tomcat started on port 9999 (http) with context path '/'
2025-05-12T14:47:43.746+05:30  INFO 26788 --- [school] [restartedMain] com.school.SchoolApplication             : Started SchoolApplication in 8.623 seconds (process running for 9.843)
2025-05-12T14:47:44.454+05:30  INFO 26788 --- [school] [RMI TCP Connection(4)-127.0.0.1] o.a.c.c.C.[Tomcat].[localhost].[/]       : Initializing Spring DispatcherServlet 'dispatcherServlet'
2025-05-12T14:47:44.455+05:30  INFO 26788 --- [school] [RMI TCP Connection(4)-127.0.0.1] o.s.web.servlet.DispatcherServlet        : Initializing Servlet 'dispatcherServlet'
2025-05-12T14:47:44.456+05:30 DEBUG 26788 --- [school] [RMI TCP Connection(4)-127.0.0.1] o.s.web.servlet.DispatcherServlet        : Detected StandardServletMultipartResolver
2025-05-12T14:47:44.456+05:30 DEBUG 26788 --- [school] [RMI TCP Connection(4)-127.0.0.1] o.s.web.servlet.DispatcherServlet        : Detected AcceptHeaderLocaleResolver
2025-05-12T14:47:44.457+05:30 DEBUG 26788 --- [school] [RMI TCP Connection(4)-127.0.0.1] o.s.web.servlet.DispatcherServlet        : Detected FixedThemeResolver
2025-05-12T14:47:44.459+05:30 DEBUG 26788 --- [school] [RMI TCP Connection(4)-127.0.0.1] o.s.web.servlet.DispatcherServlet        : Detected org.springframework.web.servlet.view.DefaultRequestToViewNameTranslator@41a8f600
2025-05-12T14:47:44.460+05:30 DEBUG 26788 --- [school] [RMI TCP Connection(4)-127.0.0.1] o.s.web.servlet.DispatcherServlet        : Detected org.springframework.web.servlet.support.SessionFlashMapManager@24df1848
2025-05-12T14:47:44.461+05:30 DEBUG 26788 --- [school] [RMI TCP Connection(4)-127.0.0.1] o.s.web.servlet.DispatcherServlet        : enableLoggingRequestDetails='false': request parameters and headers will be masked to prevent unsafe logging of potentially sensitive data
2025-05-12T14:47:44.461+05:30  INFO 26788 --- [school] [RMI TCP Connection(4)-127.0.0.1] o.s.web.servlet.DispatcherServlet        : Completed initialization in 5 ms
2025-05-12T14:47:48.778+05:30 DEBUG 26788 --- [school] [http-nio-9999-exec-1] o.s.web.servlet.DispatcherServlet        : OPTIONS "/api/users/addUser", parameters={}
2025-05-12T14:47:48.784+05:30 DEBUG 26788 --- [school] [http-nio-9999-exec-1] s.w.s.m.m.a.RequestMappingHandlerMapping : Mapped to com.school.controller.UserController#addUser(UsersDto)
2025-05-12T14:47:48.797+05:30 DEBUG 26788 --- [school] [http-nio-9999-exec-1] o.s.web.cors.DefaultCorsProcessor        : Reject: 'http://localhost:5173' origin is not allowed
2025-05-12T14:47:48.800+05:30 DEBUG 26788 --- [school] [http-nio-9999-exec-1] o.s.web.servlet.DispatcherServlet        : Completed 403 FORBIDDEN
2025-05-12T14:47:50.298+05:30 DEBUG 26788 --- [school] [http-nio-9999-exec-2] o.s.web.servlet.DispatcherServlet        : OPTIONS "/api/users/addUser", parameters={}
2025-05-12T14:47:50.299+05:30 DEBUG 26788 --- [school] [http-nio-9999-exec-2] s.w.s.m.m.a.RequestMappingHandlerMapping : Mapped to com.school.controller.UserController#addUser(UsersDto)
2025-05-12T14:47:50.300+05:30 DEBUG 26788 --- [school] [http-nio-9999-exec-2] o.s.web.cors.DefaultCorsProcessor        : Reject: 'http://localhost:5173' origin is not allowed
2025-05-12T14:47:50.301+05:30 DEBUG 26788 --- [school] [http-nio-9999-exec-2] o.s.web.servlet.DispatcherServlet        : Completed 403 FORBIDDEN
2025-05-12T14:47:51.202+05:30 DEBUG 26788 --- [school] [http-nio-9999-exec-3] o.s.web.servlet.DispatcherServlet        : OPTIONS "/api/users/addUser", parameters={}
2025-05-12T14:47:51.202+05:30 DEBUG 26788 --- [school] [http-nio-9999-exec-3] s.w.s.m.m.a.RequestMappingHandlerMapping : Mapped to com.school.controller.UserController#addUser(UsersDto)
2025-05-12T14:47:51.203+05:30 DEBUG 26788 --- [school] [http-nio-9999-exec-3] o.s.web.cors.DefaultCorsProcessor        : Reject: 'http://localhost:5173' origin is not allowed
2025-05-12T14:47:51.204+05:30 DEBUG 26788 --- [school] [http-nio-9999-exec-3] o.s.web.servlet.DispatcherServlet        : Completed 403 FORBIDDEN
2025-05-12T14:47:52.753+05:30 DEBUG 26788 --- [school] [http-nio-9999-exec-4] o.s.web.servlet.DispatcherServlet        : OPTIONS "/api/users/addUser", parameters={}
2025-05-12T14:47:52.754+05:30 DEBUG 26788 --- [school] [http-nio-9999-exec-4] s.w.s.m.m.a.RequestMappingHandlerMapping : Mapped to com.school.controller.UserController#addUser(UsersDto)
2025-05-12T14:47:52.754+05:30 DEBUG 26788 --- [school] [http-nio-9999-exec-4] o.s.web.cors.DefaultCorsProcessor        : Reject: 'http://localhost:5173' origin is not allowed
2025-05-12T14:47:52.755+05:30 DEBUG 26788 --- [school] [http-nio-9999-exec-4] o.s.web.servlet.DispatcherServlet        : Completed 403 FORBIDDEN
2025-05-12T14:47:54.594+05:30 DEBUG 26788 --- [school] [http-nio-9999-exec-5] o.s.web.servlet.DispatcherServlet        : OPTIONS "/api/users/addUser", parameters={}
2025-05-12T14:47:54.595+05:30 DEBUG 26788 --- [school] [http-nio-9999-exec-5] s.w.s.m.m.a.RequestMappingHandlerMapping : Mapped to com.school.controller.UserController#addUser(UsersDto)
2025-05-12T14:47:54.596+05:30 DEBUG 26788 --- [school] [http-nio-9999-exec-5] o.s.web.cors.DefaultCorsProcessor        : Reject: 'http://localhost:5173' origin is not allowed
2025-05-12T14:47:54.597+05:30 DEBUG 26788 --- [school] [http-nio-9999-exec-5] o.s.web.servlet.DispatcherServlet        : Completed 403 FORBIDDEN
2025-05-12T14:47:55.231+05:30 DEBUG 26788 --- [school] [http-nio-9999-exec-6] o.s.web.servlet.DispatcherServlet        : OPTIONS "/api/users/addUser", parameters={}
2025-05-12T14:47:55.232+05:30 DEBUG 26788 --- [school] [http-nio-9999-exec-6] s.w.s.m.m.a.RequestMappingHandlerMapping : Mapped to com.school.controller.UserController#addUser(UsersDto)
2025-05-12T14:47:55.233+05:30 DEBUG 26788 --- [school] [http-nio-9999-exec-6] o.s.web.cors.DefaultCorsProcessor        : Reject: 'http://localhost:5173' origin is not allowed
2025-05-12T14:47:55.233+05:30 DEBUG 26788 --- [school] [http-nio-9999-exec-6] o.s.web.servlet.DispatcherServlet        : Completed 403 FORBIDDEN
2025-05-12T14:47:55.689+05:30 DEBUG 26788 --- [school] [http-nio-9999-exec-7] o.s.web.servlet.DispatcherServlet        : OPTIONS "/api/users/addUser", parameters={}
2025-05-12T14:47:55.690+05:30 DEBUG 26788 --- [school] [http-nio-9999-exec-7] s.w.s.m.m.a.RequestMappingHandlerMapping : Mapped to com.school.controller.UserController#addUser(UsersDto)
2025-05-12T14:47:55.691+05:30 DEBUG 26788 --- [school] [http-nio-9999-exec-7] o.s.web.cors.DefaultCorsProcessor        : Reject: 'http://localhost:5173' origin is not allowed
2025-05-12T14:47:55.691+05:30 DEBUG 26788 --- [school] [http-nio-9999-exec-7] o.s.web.servlet.DispatcherServlet        : Completed 403 FORBIDDEN
2025-05-12T14:47:56.337+05:30 DEBUG 26788 --- [school] [http-nio-9999-exec-8] o.s.web.servlet.DispatcherServlet        : OPTIONS "/api/users/addUser", parameters={}
2025-05-12T14:47:56.338+05:30 DEBUG 26788 --- [school] [http-nio-9999-exec-8] s.w.s.m.m.a.RequestMappingHandlerMapping : Mapped to com.school.controller.UserController#addUser(UsersDto)
2025-05-12T14:47:56.338+05:30 DEBUG 26788 --- [school] [http-nio-9999-exec-8] o.s.web.cors.DefaultCorsProcessor        : Reject: 'http://localhost:5173' origin is not allowed
2025-05-12T14:47:56.339+05:30 DEBUG 26788 --- [school] [http-nio-9999-exec-8] o.s.web.servlet.DispatcherServlet        : Completed 403 FORBIDDEN
2025-05-12T14:47:56.986+05:30 DEBUG 26788 --- [school] [http-nio-9999-exec-9] o.s.web.servlet.DispatcherServlet        : OPTIONS "/api/users/addUser", parameters={}
2025-05-12T14:47:56.986+05:30 DEBUG 26788 --- [school] [http-nio-9999-exec-9] s.w.s.m.m.a.RequestMappingHandlerMapping : Mapped to com.school.controller.UserController#addUser(UsersDto)
2025-05-12T14:47:56.987+05:30 DEBUG 26788 --- [school] [http-nio-9999-exec-9] o.s.web.cors.DefaultCorsProcessor        : Reject: 'http://localhost:5173' origin is not allowed
2025-05-12T14:47:56.988+05:30 DEBUG 26788 --- [school] [http-nio-9999-exec-9] o.s.web.servlet.DispatcherServlet        : Completed 403 FORBIDDEN
2025-05-12T14:47:57.553+05:30 DEBUG 26788 --- [school] [http-nio-9999-exec-10] o.s.web.servlet.DispatcherServlet        : OPTIONS "/api/users/addUser", parameters={}
2025-05-12T14:47:57.554+05:30 DEBUG 26788 --- [school] [http-nio-9999-exec-10] s.w.s.m.m.a.RequestMappingHandlerMapping : Mapped to com.school.controller.UserController#addUser(UsersDto)
2025-05-12T14:47:57.555+05:30 DEBUG 26788 --- [school] [http-nio-9999-exec-10] o.s.web.cors.DefaultCorsProcessor        : Reject: 'http://localhost:5173' origin is not allowed
2025-05-12T14:47:57.555+05:30 DEBUG 26788 --- [school] [http-nio-9999-exec-10] o.s.web.servlet.DispatcherServlet        : Completed 403 FORBIDDEN
2025-05-12T14:48:53.994+05:30 DEBUG 26788 --- [school] [http-nio-9999-exec-1] o.s.web.servlet.DispatcherServlet        : OPTIONS "/api/users/addUser", parameters={}
2025-05-12T14:48:53.994+05:30 DEBUG 26788 --- [school] [http-nio-9999-exec-1] s.w.s.m.m.a.RequestMappingHandlerMapping : Mapped to com.school.controller.UserController#addUser(UsersDto)
2025-05-12T14:48:53.995+05:30 DEBUG 26788 --- [school] [http-nio-9999-exec-1] o.s.web.cors.DefaultCorsProcessor        : Reject: 'http://localhost:5173' origin is not allowed
2025-05-12T14:48:53.995+05:30 DEBUG 26788 --- [school] [http-nio-9999-exec-1] o.s.web.servlet.DispatcherServlet        : Completed 403 FORBIDDEN
2025-05-12T14:48:54.890+05:30 DEBUG 26788 --- [school] [http-nio-9999-exec-2] o.s.web.servlet.DispatcherServlet        : OPTIONS "/api/users/addUser", parameters={}
2025-05-12T14:48:54.891+05:30 DEBUG 26788 --- [school] [http-nio-9999-exec-2] s.w.s.m.m.a.RequestMappingHandlerMapping : Mapped to com.school.controller.UserController#addUser(UsersDto)
2025-05-12T14:48:54.892+05:30 DEBUG 26788 --- [school] [http-nio-9999-exec-2] o.s.web.cors.DefaultCorsProcessor        : Reject: 'http://localhost:5173' origin is not allowed
2025-05-12T14:48:54.892+05:30 DEBUG 26788 --- [school] [http-nio-9999-exec-2] o.s.web.servlet.DispatcherServlet        : Completed 403 FORBIDDEN
2025-05-12T14:50:53.615+05:30 DEBUG 26788 --- [school] [http-nio-9999-exec-4] o.s.web.servlet.DispatcherServlet        : OPTIONS "/api/users/addUser/", parameters={}
2025-05-12T14:50:53.619+05:30 DEBUG 26788 --- [school] [http-nio-9999-exec-4] o.s.w.s.handler.SimpleUrlHandlerMapping  : Mapped to ResourceHttpRequestHandler [classpath [META-INF/resources/], classpath [resources/], classpath [static/], classpath [public/], ServletContext [/]]
2025-05-12T14:50:53.622+05:30 DEBUG 26788 --- [school] [http-nio-9999-exec-4] o.s.web.servlet.DispatcherServlet        : Completed 403 FORBIDDEN
2025-05-12T14:50:54.333+05:30 DEBUG 26788 --- [school] [http-nio-9999-exec-5] o.s.web.servlet.DispatcherServlet        : OPTIONS "/api/users/addUser/", parameters={}
2025-05-12T14:50:54.334+05:30 DEBUG 26788 --- [school] [http-nio-9999-exec-5] o.s.w.s.handler.SimpleUrlHandlerMapping  : Mapped to ResourceHttpRequestHandler [classpath [META-INF/resources/], classpath [resources/], classpath [static/], classpath [public/], ServletContext [/]]
2025-05-12T14:50:54.334+05:30 DEBUG 26788 --- [school] [http-nio-9999-exec-5] o.s.web.servlet.DispatcherServlet        : Completed 403 FORBIDDEN
2025-05-12T14:50:54.766+05:30 DEBUG 26788 --- [school] [http-nio-9999-exec-6] o.s.web.servlet.DispatcherServlet        : OPTIONS "/api/users/addUser/", parameters={}
2025-05-12T14:50:54.767+05:30 DEBUG 26788 --- [school] [http-nio-9999-exec-6] o.s.w.s.handler.SimpleUrlHandlerMapping  : Mapped to ResourceHttpRequestHandler [classpath [META-INF/resources/], classpath [resources/], classpath [static/], classpath [public/], ServletContext [/]]
2025-05-12T14:50:54.768+05:30 DEBUG 26788 --- [school] [http-nio-9999-exec-6] o.s.web.servlet.DispatcherServlet        : Completed 403 FORBIDDEN
2025-05-12T14:50:55.020+05:30 DEBUG 26788 --- [school] [http-nio-9999-exec-7] o.s.web.servlet.DispatcherServlet        : OPTIONS "/api/users/addUser/", parameters={}
2025-05-12T14:50:55.021+05:30 DEBUG 26788 --- [school] [http-nio-9999-exec-7] o.s.w.s.handler.SimpleUrlHandlerMapping  : Mapped to ResourceHttpRequestHandler [classpath [META-INF/resources/], classpath [resources/], classpath [static/], classpath [public/], ServletContext [/]]
2025-05-12T14:50:55.022+05:30 DEBUG 26788 --- [school] [http-nio-9999-exec-7] o.s.web.servlet.DispatcherServlet        : Completed 403 FORBIDDEN
2025-05-12T14:50:55.213+05:30 DEBUG 26788 --- [school] [http-nio-9999-exec-8] o.s.web.servlet.DispatcherServlet        : OPTIONS "/api/users/addUser/", parameters={}
2025-05-12T14:50:55.214+05:30 DEBUG 26788 --- [school] [http-nio-9999-exec-8] o.s.w.s.handler.SimpleUrlHandlerMapping  : Mapped to ResourceHttpRequestHandler [classpath [META-INF/resources/], classpath [resources/], classpath [static/], classpath [public/], ServletContext [/]]
2025-05-12T14:50:55.215+05:30 DEBUG 26788 --- [school] [http-nio-9999-exec-8] o.s.web.servlet.DispatcherServlet        : Completed 403 FORBIDDEN
2025-05-12T14:53:53.339+05:30 DEBUG 26788 --- [school] [http-nio-9999-exec-10] o.s.web.servlet.DispatcherServlet        : OPTIONS "/api/users/addUser", parameters={}
2025-05-12T14:53:53.340+05:30 DEBUG 26788 --- [school] [http-nio-9999-exec-10] s.w.s.m.m.a.RequestMappingHandlerMapping : Mapped to com.school.controller.UserController#addUser(UsersDto)
2025-05-12T14:53:53.340+05:30 DEBUG 26788 --- [school] [http-nio-9999-exec-10] o.s.web.cors.DefaultCorsProcessor        : Reject: 'http://localhost:5173' origin is not allowed
2025-05-12T14:53:53.341+05:30 DEBUG 26788 --- [school] [http-nio-9999-exec-10] o.s.web.servlet.DispatcherServlet        : Completed 403 FORBIDDEN
2025-05-12T14:57:40.155+05:30  INFO 26788 --- [school] [File Watcher] rtingClassPathChangeChangedEventListener : Restarting due to 1 class path change (1 addition, 0 deletions, 0 modifications)
2025-05-12T14:57:40.161+05:30  INFO 26788 --- [school] [Thread-5] o.s.b.w.e.tomcat.GracefulShutdown        : Commencing graceful shutdown. Waiting for active requests to complete
2025-05-12T14:57:40.163+05:30  INFO 26788 --- [school] [tomcat-shutdown] o.s.b.w.e.tomcat.GracefulShutdown        : Graceful shutdown complete
2025-05-12T14:57:40.173+05:30  INFO 26788 --- [school] [Thread-5] j.LocalContainerEntityManagerFactoryBean : Closing JPA EntityManagerFactory for persistence unit 'default'
2025-05-12T14:57:40.180+05:30  INFO 26788 --- [school] [Thread-5] com.zaxxer.hikari.HikariDataSource       : HikariPool-1 - Shutdown initiated...
2025-05-12T14:57:40.201+05:30  INFO 26788 --- [school] [Thread-5] com.zaxxer.hikari.HikariDataSource       : HikariPool-1 - Shutdown completed.
2025-05-12T14:57:40.344+05:30  INFO 26788 --- [school] [restartedMain] com.school.SchoolApplication             : Starting SchoolApplication using Java 24.0.1 with PID 26788 (/home/cs-developer/Downloads/school/target/classes started by cs-developer in /home/cs-developer/Downloads/school)
2025-05-12T14:57:40.345+05:30  INFO 26788 --- [school] [restartedMain] com.school.SchoolApplication             : No active profile set, falling back to 1 default profile: "default"
2025-05-12T14:57:40.895+05:30  INFO 26788 --- [school] [restartedMain] .s.d.r.c.RepositoryConfigurationDelegate : Bootstrapping Spring Data JPA repositories in DEFAULT mode.
2025-05-12T14:57:40.915+05:30  INFO 26788 --- [school] [restartedMain] .s.d.r.c.RepositoryConfigurationDelegate : Finished Spring Data repository scanning in 18 ms. Found 8 JPA repository interfaces.
2025-05-12T14:57:41.133+05:30  INFO 26788 --- [school] [restartedMain] o.s.b.w.embedded.tomcat.TomcatWebServer  : Tomcat initialized with port 9999 (http)
2025-05-12T14:57:41.136+05:30  INFO 26788 --- [school] [restartedMain] o.apache.catalina.core.StandardService   : Starting service [Tomcat]
2025-05-12T14:57:41.136+05:30  INFO 26788 --- [school] [restartedMain] o.apache.catalina.core.StandardEngine    : Starting Servlet engine: [Apache Tomcat/10.1.40]
2025-05-12T14:57:41.146+05:30  INFO 26788 --- [school] [restartedMain] o.a.c.c.C.[Tomcat].[localhost].[/]       : Initializing Spring embedded WebApplicationContext
2025-05-12T14:57:41.146+05:30  INFO 26788 --- [school] [restartedMain] w.s.c.ServletWebServerApplicationContext : Root WebApplicationContext: initialization completed in 799 ms
2025-05-12T14:57:41.229+05:30 DEBUG 26788 --- [school] [restartedMain] o.s.w.f.ServerHttpObservationFilter      : Filter 'webMvcObservationFilter' configured for use
2025-05-12T14:57:41.282+05:30  INFO 26788 --- [school] [restartedMain] o.hibernate.jpa.internal.util.LogHelper  : HHH000204: Processing PersistenceUnitInfo [name: default]
2025-05-12T14:57:41.284+05:30  INFO 26788 --- [school] [restartedMain] o.h.c.internal.RegionFactoryInitiator    : HHH000026: Second-level cache disabled
2025-05-12T14:57:41.293+05:30  INFO 26788 --- [school] [restartedMain] o.s.o.j.p.SpringPersistenceUnitInfo      : No LoadTimeWeaver setup: ignoring JPA class transformer
2025-05-12T14:57:41.295+05:30  INFO 26788 --- [school] [restartedMain] com.zaxxer.hikari.HikariDataSource       : HikariPool-2 - Starting...
2025-05-12T14:57:41.348+05:30  INFO 26788 --- [school] [restartedMain] com.zaxxer.hikari.pool.HikariPool        : HikariPool-2 - Added connection org.postgresql.jdbc.PgConnection@728ceb58
2025-05-12T14:57:41.349+05:30  INFO 26788 --- [school] [restartedMain] com.zaxxer.hikari.HikariDataSource       : HikariPool-2 - Start completed.
2025-05-12T14:57:41.372+05:30  WARN 26788 --- [school] [restartedMain] org.hibernate.orm.deprecation            : HHH90000025: PostgreSQLDialect does not need to be specified explicitly using 'hibernate.dialect' (remove the property setting and it will be selected by default)
2025-05-12T14:57:41.374+05:30  INFO 26788 --- [school] [restartedMain] org.hibernate.orm.connections.pooling    : HHH10001005: Database info:
	Database JDBC URL [Connecting through datasource 'HikariDataSource (HikariPool-2)']
	Database driver: undefined/unknown
	Database version: 12.22
	Autocommit mode: undefined/unknown
	Isolation level: undefined/unknown
	Minimum pool size: undefined/unknown
	Maximum pool size: undefined/unknown
2025-05-12T14:57:41.672+05:30  INFO 26788 --- [school] [restartedMain] o.h.e.t.j.p.i.JtaPlatformInitiator       : HHH000489: No JTA platform available (set 'hibernate.transaction.jta.platform' to enable JTA platform integration)
2025-05-12T14:57:42.276+05:30  INFO 26788 --- [school] [restartedMain] j.LocalContainerEntityManagerFactoryBean : Initialized JPA EntityManagerFactory for persistence unit 'default'
2025-05-12T14:57:42.666+05:30  WARN 26788 --- [school] [restartedMain] JpaBaseConfiguration$JpaWebConfiguration : spring.jpa.open-in-view is enabled by default. Therefore, database queries may be performed during view rendering. Explicitly configure spring.jpa.open-in-view to disable this warning
2025-05-12T14:57:42.740+05:30 DEBUG 26788 --- [school] [restartedMain] s.w.s.m.m.a.RequestMappingHandlerMapping : 36 mappings in 'requestMappingHandlerMapping'
2025-05-12T14:57:42.852+05:30 DEBUG 26788 --- [school] [restartedMain] o.s.w.s.handler.SimpleUrlHandlerMapping  : Patterns [/webjars/**, /**] in 'resourceHandlerMapping'
2025-05-12T14:57:42.884+05:30 DEBUG 26788 --- [school] [restartedMain] s.w.s.m.m.a.RequestMappingHandlerAdapter : ControllerAdvice beans: 0 @ModelAttribute, 0 @InitBinder, 1 RequestBodyAdvice, 1 ResponseBodyAdvice
2025-05-12T14:57:42.920+05:30 DEBUG 26788 --- [school] [restartedMain] .m.m.a.ExceptionHandlerExceptionResolver : ControllerAdvice beans: 1 @ExceptionHandler, 1 ResponseBodyAdvice
2025-05-12T14:57:43.435+05:30  INFO 26788 --- [school] [restartedMain] o.s.b.d.a.OptionalLiveReloadServer       : LiveReload server is running on port 35729
2025-05-12T14:57:43.449+05:30  INFO 26788 --- [school] [restartedMain] o.s.b.a.e.web.EndpointLinksResolver      : Exposing 1 endpoint beneath base path '/actuator'
2025-05-12T14:57:43.508+05:30  INFO 26788 --- [school] [restartedMain] o.s.b.w.embedded.tomcat.TomcatWebServer  : Tomcat started on port 9999 (http) with context path '/'
2025-05-12T14:57:43.519+05:30  INFO 26788 --- [school] [restartedMain] com.school.SchoolApplication             : Started SchoolApplication in 3.212 seconds (process running for 609.616)
2025-05-12T14:57:43.523+05:30  INFO 26788 --- [school] [restartedMain] .ConditionEvaluationDeltaLoggingListener : Condition evaluation unchanged
2025-05-12T14:58:00.869+05:30  INFO 26788 --- [school] [File Watcher] rtingClassPathChangeChangedEventListener : Restarting due to 1 class path change (0 additions, 1 deletion, 0 modifications)
2025-05-12T14:58:00.873+05:30  INFO 26788 --- [school] [Thread-7] o.s.b.w.e.tomcat.GracefulShutdown        : Commencing graceful shutdown. Waiting for active requests to complete
2025-05-12T14:58:00.875+05:30  INFO 26788 --- [school] [tomcat-shutdown] o.s.b.w.e.tomcat.GracefulShutdown        : Graceful shutdown complete
2025-05-12T14:58:00.881+05:30  INFO 26788 --- [school] [Thread-7] j.LocalContainerEntityManagerFactoryBean : Closing JPA EntityManagerFactory for persistence unit 'default'
2025-05-12T14:58:00.882+05:30  INFO 26788 --- [school] [Thread-7] com.zaxxer.hikari.HikariDataSource       : HikariPool-2 - Shutdown initiated...
2025-05-12T14:58:00.901+05:30  INFO 26788 --- [school] [Thread-7] com.zaxxer.hikari.HikariDataSource       : HikariPool-2 - Shutdown completed.
2025-05-12T14:58:01.052+05:30  INFO 26788 --- [school] [restartedMain] com.school.SchoolApplication             : Starting SchoolApplication using Java 24.0.1 with PID 26788 (/home/cs-developer/Downloads/school/target/classes started by cs-developer in /home/cs-developer/Downloads/school)
2025-05-12T14:58:01.052+05:30  INFO 26788 --- [school] [restartedMain] com.school.SchoolApplication             : No active profile set, falling back to 1 default profile: "default"
2025-05-12T14:58:01.363+05:30  INFO 26788 --- [school] [restartedMain] .s.d.r.c.RepositoryConfigurationDelegate : Bootstrapping Spring Data JPA repositories in DEFAULT mode.
2025-05-12T14:58:01.379+05:30  INFO 26788 --- [school] [restartedMain] .s.d.r.c.RepositoryConfigurationDelegate : Finished Spring Data repository scanning in 14 ms. Found 8 JPA repository interfaces.
2025-05-12T14:58:01.531+05:30  INFO 26788 --- [school] [restartedMain] o.s.b.w.embedded.tomcat.TomcatWebServer  : Tomcat initialized with port 9999 (http)
2025-05-12T14:58:01.532+05:30  INFO 26788 --- [school] [restartedMain] o.apache.catalina.core.StandardService   : Starting service [Tomcat]
2025-05-12T14:58:01.532+05:30  INFO 26788 --- [school] [restartedMain] o.apache.catalina.core.StandardEngine    : Starting Servlet engine: [Apache Tomcat/10.1.40]
2025-05-12T14:58:01.539+05:30  INFO 26788 --- [school] [restartedMain] o.a.c.c.C.[Tomcat].[localhost].[/]       : Initializing Spring embedded WebApplicationContext
2025-05-12T14:58:01.540+05:30  INFO 26788 --- [school] [restartedMain] w.s.c.ServletWebServerApplicationContext : Root WebApplicationContext: initialization completed in 484 ms
2025-05-12T14:58:01.669+05:30 DEBUG 26788 --- [school] [restartedMain] o.s.w.f.ServerHttpObservationFilter      : Filter 'webMvcObservationFilter' configured for use
2025-05-12T14:58:01.733+05:30  INFO 26788 --- [school] [restartedMain] o.hibernate.jpa.internal.util.LogHelper  : HHH000204: Processing PersistenceUnitInfo [name: default]
2025-05-12T14:58:01.735+05:30  INFO 26788 --- [school] [restartedMain] o.h.c.internal.RegionFactoryInitiator    : HHH000026: Second-level cache disabled
2025-05-12T14:58:01.745+05:30  INFO 26788 --- [school] [restartedMain] o.s.o.j.p.SpringPersistenceUnitInfo      : No LoadTimeWeaver setup: ignoring JPA class transformer
2025-05-12T14:58:01.745+05:30  INFO 26788 --- [school] [restartedMain] com.zaxxer.hikari.HikariDataSource       : HikariPool-3 - Starting...
2025-05-12T14:58:01.768+05:30  INFO 26788 --- [school] [restartedMain] com.zaxxer.hikari.pool.HikariPool        : HikariPool-3 - Added connection org.postgresql.jdbc.PgConnection@2adc4fb9
2025-05-12T14:58:01.768+05:30  INFO 26788 --- [school] [restartedMain] com.zaxxer.hikari.HikariDataSource       : HikariPool-3 - Start completed.
2025-05-12T14:58:01.774+05:30  WARN 26788 --- [school] [restartedMain] org.hibernate.orm.deprecation            : HHH90000025: PostgreSQLDialect does not need to be specified explicitly using 'hibernate.dialect' (remove the property setting and it will be selected by default)
2025-05-12T14:58:01.776+05:30  INFO 26788 --- [school] [restartedMain] org.hibernate.orm.connections.pooling    : HHH10001005: Database info:
	Database JDBC URL [Connecting through datasource 'HikariDataSource (HikariPool-3)']
	Database driver: undefined/unknown
	Database version: 12.22
	Autocommit mode: undefined/unknown
	Isolation level: undefined/unknown
	Minimum pool size: undefined/unknown
	Maximum pool size: undefined/unknown
2025-05-12T14:58:01.928+05:30  INFO 26788 --- [school] [restartedMain] o.h.e.t.j.p.i.JtaPlatformInitiator       : HHH000489: No JTA platform available (set 'hibernate.transaction.jta.platform' to enable JTA platform integration)
2025-05-12T14:58:02.474+05:30  INFO 26788 --- [school] [restartedMain] j.LocalContainerEntityManagerFactoryBean : Initialized JPA EntityManagerFactory for persistence unit 'default'
2025-05-12T14:58:02.706+05:30  WARN 26788 --- [school] [restartedMain] JpaBaseConfiguration$JpaWebConfiguration : spring.jpa.open-in-view is enabled by default. Therefore, database queries may be performed during view rendering. Explicitly configure spring.jpa.open-in-view to disable this warning
2025-05-12T14:58:02.761+05:30 DEBUG 26788 --- [school] [restartedMain] s.w.s.m.m.a.RequestMappingHandlerMapping : 36 mappings in 'requestMappingHandlerMapping'
2025-05-12T14:58:02.829+05:30 DEBUG 26788 --- [school] [restartedMain] o.s.w.s.handler.SimpleUrlHandlerMapping  : Patterns [/webjars/**, /**] in 'resourceHandlerMapping'
2025-05-12T14:58:02.846+05:30 DEBUG 26788 --- [school] [restartedMain] s.w.s.m.m.a.RequestMappingHandlerAdapter : ControllerAdvice beans: 0 @ModelAttribute, 0 @InitBinder, 1 RequestBodyAdvice, 1 ResponseBodyAdvice
2025-05-12T14:58:02.863+05:30 DEBUG 26788 --- [school] [restartedMain] .m.m.a.ExceptionHandlerExceptionResolver : ControllerAdvice beans: 1 @ExceptionHandler, 1 ResponseBodyAdvice
2025-05-12T14:58:03.077+05:30  INFO 26788 --- [school] [restartedMain] o.s.b.d.a.OptionalLiveReloadServer       : LiveReload server is running on port 35729
2025-05-12T14:58:03.082+05:30  INFO 26788 --- [school] [restartedMain] o.s.b.a.e.web.EndpointLinksResolver      : Exposing 1 endpoint beneath base path '/actuator'
2025-05-12T14:58:03.112+05:30  INFO 26788 --- [school] [restartedMain] o.s.b.w.embedded.tomcat.TomcatWebServer  : Tomcat started on port 9999 (http) with context path '/'
2025-05-12T14:58:03.119+05:30  INFO 26788 --- [school] [restartedMain] com.school.SchoolApplication             : Started SchoolApplication in 2.108 seconds (process running for 629.215)
2025-05-12T14:58:03.121+05:30  INFO 26788 --- [school] [restartedMain] .ConditionEvaluationDeltaLoggingListener : Condition evaluation unchanged
2025-05-12T14:58:04.480+05:30  INFO 26788 --- [school] [File Watcher] rtingClassPathChangeChangedEventListener : Restarting due to 1 class path change (1 addition, 0 deletions, 0 modifications)
2025-05-12T14:58:04.482+05:30  INFO 26788 --- [school] [Thread-11] o.s.b.w.e.tomcat.GracefulShutdown        : Commencing graceful shutdown. Waiting for active requests to complete
2025-05-12T14:58:04.483+05:30  INFO 26788 --- [school] [tomcat-shutdown] o.s.b.w.e.tomcat.GracefulShutdown        : Graceful shutdown complete
2025-05-12T14:58:04.486+05:30  INFO 26788 --- [school] [Thread-11] j.LocalContainerEntityManagerFactoryBean : Closing JPA EntityManagerFactory for persistence unit 'default'
2025-05-12T14:58:04.487+05:30  INFO 26788 --- [school] [Thread-11] com.zaxxer.hikari.HikariDataSource       : HikariPool-3 - Shutdown initiated...
2025-05-12T14:58:04.500+05:30  INFO 26788 --- [school] [Thread-11] com.zaxxer.hikari.HikariDataSource       : HikariPool-3 - Shutdown completed.
2025-05-12T14:58:04.598+05:30  INFO 26788 --- [school] [restartedMain] com.school.SchoolApplication             : Starting SchoolApplication using Java 24.0.1 with PID 26788 (/home/cs-developer/Downloads/school/target/classes started by cs-developer in /home/cs-developer/Downloads/school)
2025-05-12T14:58:04.598+05:30  INFO 26788 --- [school] [restartedMain] com.school.SchoolApplication             : No active profile set, falling back to 1 default profile: "default"
2025-05-12T14:58:04.849+05:30  INFO 26788 --- [school] [restartedMain] .s.d.r.c.RepositoryConfigurationDelegate : Bootstrapping Spring Data JPA repositories in DEFAULT mode.
2025-05-12T14:58:04.865+05:30  INFO 26788 --- [school] [restartedMain] .s.d.r.c.RepositoryConfigurationDelegate : Finished Spring Data repository scanning in 15 ms. Found 8 JPA repository interfaces.
2025-05-12T14:58:05.020+05:30  INFO 26788 --- [school] [restartedMain] o.s.b.w.embedded.tomcat.TomcatWebServer  : Tomcat initialized with port 9999 (http)
2025-05-12T14:58:05.021+05:30  INFO 26788 --- [school] [restartedMain] o.apache.catalina.core.StandardService   : Starting service [Tomcat]
2025-05-12T14:58:05.021+05:30  INFO 26788 --- [school] [restartedMain] o.apache.catalina.core.StandardEngine    : Starting Servlet engine: [Apache Tomcat/10.1.40]
2025-05-12T14:58:05.028+05:30  INFO 26788 --- [school] [restartedMain] o.a.c.c.C.[Tomcat].[localhost].[/]       : Initializing Spring embedded WebApplicationContext
2025-05-12T14:58:05.029+05:30  INFO 26788 --- [school] [restartedMain] w.s.c.ServletWebServerApplicationContext : Root WebApplicationContext: initialization completed in 429 ms
2025-05-12T14:58:05.129+05:30 DEBUG 26788 --- [school] [restartedMain] o.s.w.f.ServerHttpObservationFilter      : Filter 'webMvcObservationFilter' configured for use
2025-05-12T14:58:05.187+05:30  INFO 26788 --- [school] [restartedMain] o.hibernate.jpa.internal.util.LogHelper  : HHH000204: Processing PersistenceUnitInfo [name: default]
2025-05-12T14:58:05.190+05:30  INFO 26788 --- [school] [restartedMain] o.h.c.internal.RegionFactoryInitiator    : HHH000026: Second-level cache disabled
2025-05-12T14:58:05.196+05:30  INFO 26788 --- [school] [restartedMain] o.s.o.j.p.SpringPersistenceUnitInfo      : No LoadTimeWeaver setup: ignoring JPA class transformer
2025-05-12T14:58:05.196+05:30  INFO 26788 --- [school] [restartedMain] com.zaxxer.hikari.HikariDataSource       : HikariPool-4 - Starting...
2025-05-12T14:58:05.215+05:30  INFO 26788 --- [school] [restartedMain] com.zaxxer.hikari.pool.HikariPool        : HikariPool-4 - Added connection org.postgresql.jdbc.PgConnection@52b7845c
2025-05-12T14:58:05.215+05:30  INFO 26788 --- [school] [restartedMain] com.zaxxer.hikari.HikariDataSource       : HikariPool-4 - Start completed.
2025-05-12T14:58:05.224+05:30  WARN 26788 --- [school] [restartedMain] org.hibernate.orm.deprecation            : HHH90000025: PostgreSQLDialect does not need to be specified explicitly using 'hibernate.dialect' (remove the property setting and it will be selected by default)
2025-05-12T14:58:05.225+05:30  INFO 26788 --- [school] [restartedMain] org.hibernate.orm.connections.pooling    : HHH10001005: Database info:
	Database JDBC URL [Connecting through datasource 'HikariDataSource (HikariPool-4)']
	Database driver: undefined/unknown
	Database version: 12.22
	Autocommit mode: undefined/unknown
	Isolation level: undefined/unknown
	Minimum pool size: undefined/unknown
	Maximum pool size: undefined/unknown
2025-05-12T14:58:05.347+05:30  INFO 26788 --- [school] [restartedMain] o.h.e.t.j.p.i.JtaPlatformInitiator       : HHH000489: No JTA platform available (set 'hibernate.transaction.jta.platform' to enable JTA platform integration)
2025-05-12T14:58:05.824+05:30  INFO 26788 --- [school] [restartedMain] j.LocalContainerEntityManagerFactoryBean : Initialized JPA EntityManagerFactory for persistence unit 'default'
2025-05-12T14:58:06.052+05:30  WARN 26788 --- [school] [restartedMain] JpaBaseConfiguration$JpaWebConfiguration : spring.jpa.open-in-view is enabled by default. Therefore, database queries may be performed during view rendering. Explicitly configure spring.jpa.open-in-view to disable this warning
2025-05-12T14:58:06.102+05:30 DEBUG 26788 --- [school] [restartedMain] s.w.s.m.m.a.RequestMappingHandlerMapping : 36 mappings in 'requestMappingHandlerMapping'
2025-05-12T14:58:06.170+05:30 DEBUG 26788 --- [school] [restartedMain] o.s.w.s.handler.SimpleUrlHandlerMapping  : Patterns [/webjars/**, /**] in 'resourceHandlerMapping'
2025-05-12T14:58:06.186+05:30 DEBUG 26788 --- [school] [restartedMain] s.w.s.m.m.a.RequestMappingHandlerAdapter : ControllerAdvice beans: 0 @ModelAttribute, 0 @InitBinder, 1 RequestBodyAdvice, 1 ResponseBodyAdvice
2025-05-12T14:58:06.203+05:30 DEBUG 26788 --- [school] [restartedMain] .m.m.a.ExceptionHandlerExceptionResolver : ControllerAdvice beans: 1 @ExceptionHandler, 1 ResponseBodyAdvice
2025-05-12T14:58:06.419+05:30  INFO 26788 --- [school] [restartedMain] o.s.b.d.a.OptionalLiveReloadServer       : LiveReload server is running on port 35729
2025-05-12T14:58:06.424+05:30  INFO 26788 --- [school] [restartedMain] o.s.b.a.e.web.EndpointLinksResolver      : Exposing 1 endpoint beneath base path '/actuator'
2025-05-12T14:58:06.452+05:30  INFO 26788 --- [school] [restartedMain] o.s.b.w.embedded.tomcat.TomcatWebServer  : Tomcat started on port 9999 (http) with context path '/'
2025-05-12T14:58:06.459+05:30  INFO 26788 --- [school] [restartedMain] com.school.SchoolApplication             : Started SchoolApplication in 1.89 seconds (process running for 632.556)
2025-05-12T14:58:06.460+05:30  INFO 26788 --- [school] [restartedMain] .ConditionEvaluationDeltaLoggingListener : Condition evaluation unchanged
2025-05-12T14:58:11.547+05:30  INFO 26788 --- [school] [http-nio-9999-exec-1] o.a.c.c.C.[Tomcat].[localhost].[/]       : Initializing Spring DispatcherServlet 'dispatcherServlet'
2025-05-12T14:58:11.547+05:30  INFO 26788 --- [school] [http-nio-9999-exec-1] o.s.web.servlet.DispatcherServlet        : Initializing Servlet 'dispatcherServlet'
2025-05-12T14:58:11.548+05:30 DEBUG 26788 --- [school] [http-nio-9999-exec-1] o.s.web.servlet.DispatcherServlet        : Detected StandardServletMultipartResolver
2025-05-12T14:58:11.548+05:30 DEBUG 26788 --- [school] [http-nio-9999-exec-1] o.s.web.servlet.DispatcherServlet        : Detected AcceptHeaderLocaleResolver
2025-05-12T14:58:11.548+05:30 DEBUG 26788 --- [school] [http-nio-9999-exec-1] o.s.web.servlet.DispatcherServlet        : Detected FixedThemeResolver
2025-05-12T14:58:11.549+05:30 DEBUG 26788 --- [school] [http-nio-9999-exec-1] o.s.web.servlet.DispatcherServlet        : Detected org.springframework.web.servlet.view.DefaultRequestToViewNameTranslator@477502f3
2025-05-12T14:58:11.550+05:30 DEBUG 26788 --- [school] [http-nio-9999-exec-1] o.s.web.servlet.DispatcherServlet        : Detected org.springframework.web.servlet.support.SessionFlashMapManager@6dcce3e8
2025-05-12T14:58:11.550+05:30 DEBUG 26788 --- [school] [http-nio-9999-exec-1] o.s.web.servlet.DispatcherServlet        : enableLoggingRequestDetails='false': request parameters and headers will be masked to prevent unsafe logging of potentially sensitive data
2025-05-12T14:58:11.550+05:30  INFO 26788 --- [school] [http-nio-9999-exec-1] o.s.web.servlet.DispatcherServlet        : Completed initialization in 2 ms
2025-05-12T14:58:11.552+05:30 DEBUG 26788 --- [school] [http-nio-9999-exec-1] o.s.web.servlet.DispatcherServlet        : OPTIONS "/api/users/addUser", parameters={}
2025-05-12T14:58:11.552+05:30 DEBUG 26788 --- [school] [http-nio-9999-exec-1] s.w.s.m.m.a.RequestMappingHandlerMapping : Mapped to com.school.controller.UserController#addUser(UsersDto)
2025-05-12T14:58:11.561+05:30 DEBUG 26788 --- [school] [http-nio-9999-exec-1] o.s.web.servlet.DispatcherServlet        : Completed 200 OK
2025-05-12T14:58:11.567+05:30 DEBUG 26788 --- [school] [http-nio-9999-exec-2] o.s.web.servlet.DispatcherServlet        : POST "/api/users/addUser", parameters={}
2025-05-12T14:58:11.567+05:30 DEBUG 26788 --- [school] [http-nio-9999-exec-2] s.w.s.m.m.a.RequestMappingHandlerMapping : Mapped to com.school.controller.UserController#addUser(UsersDto)
2025-05-12T14:58:11.625+05:30 DEBUG 26788 --- [school] [http-nio-9999-exec-2] m.m.a.RequestResponseBodyMethodProcessor : Read "application/json;charset=UTF-8" to [com.school.dtos.UsersDto@79c16e25]
2025-05-12T14:58:11.726+05:30  INFO 26788 --- [school] [http-nio-9999-exec-2] com.school.controller.UserController     : Received request to add new user: com.school.dtos.UsersDto@79c16e25
2025-05-12T14:58:11.861+05:30  INFO 26788 --- [school] [http-nio-9999-exec-2] com.school.controller.UserController     : User created successfully with ID: 16
2025-05-12T14:58:11.869+05:30 DEBUG 26788 --- [school] [http-nio-9999-exec-2] o.s.w.s.m.m.a.HttpEntityMethodProcessor  : Using 'application/json', given [application/json, text/plain, */*] and supported [application/json, application/*+json]
2025-05-12T14:58:11.869+05:30 DEBUG 26788 --- [school] [http-nio-9999-exec-2] o.s.w.s.m.m.a.HttpEntityMethodProcessor  : Writing [com.school.dtos.UsersDto@66361df2]
2025-05-12T14:58:11.879+05:30 DEBUG 26788 --- [school] [http-nio-9999-exec-2] o.s.web.servlet.DispatcherServlet        : Completed 201 CREATED
2025-05-12T16:20:34.563+05:30  INFO 26788 --- [school] [SpringApplicationShutdownHook] o.s.b.w.e.tomcat.GracefulShutdown        : Commencing graceful shutdown. Waiting for active requests to complete
2025-05-12T16:20:34.570+05:30  INFO 26788 --- [school] [tomcat-shutdown] o.s.b.w.e.tomcat.GracefulShutdown        : Graceful shutdown complete
2025-05-12T16:20:34.576+05:30  INFO 26788 --- [school] [SpringApplicationShutdownHook] j.LocalContainerEntityManagerFactoryBean : Closing JPA EntityManagerFactory for persistence unit 'default'
2025-05-12T16:20:34.577+05:30  INFO 26788 --- [school] [SpringApplicationShutdownHook] com.zaxxer.hikari.HikariDataSource       : HikariPool-4 - Shutdown initiated...
2025-05-12T16:20:34.599+05:30  INFO 26788 --- [school] [SpringApplicationShutdownHook] com.zaxxer.hikari.HikariDataSource       : HikariPool-4 - Shutdown completed.
